#-----------------------------------------------------------
# Vivado v2016.2 (64-bit)
# SW Build 1577090 on Thu Jun  2 16:32:35 MDT 2016
# IP Build 1577682 on Fri Jun  3 12:00:54 MDT 2016
# Start of session at: Wed Nov  8 17:16:22 2017
# Process ID: 5668
# Current directory: /users/students/r0692167/Downloads/multiplier/rsa-project
# Command line: vivado -mode batch -source build.tcl
# Log file: /users/students/r0692167/Downloads/multiplier/rsa-project/vivado.log
# Journal file: /users/students/r0692167/Downloads/multiplier/rsa-project/vivado.jou
#-----------------------------------------------------------
source build.tcl
# set origin_dir [file dirname [info script]]
# create_project rsa_project $origin_dir/rsa_project -part xc7z010clg400-1
# set_property board_part digilentinc.com:zybo:part0:1.0 [current_project]
# update_ip_catalog
INFO: [IP_Flow 19-234] Refreshing IP repositories
INFO: [IP_Flow 19-1704] No user IP repositories specified
INFO: [IP_Flow 19-2313] Loaded Vivado IP repository '/esat/micas-data/software/xilinx_vivado_2016.2/Vivado/2016.2/data/ip'.
# set files [list \
#                [file normalize $origin_dir/src/rtl/adder.v                     ] \
#                [file normalize $origin_dir/src/rtl/montgomery.v                ] \
#                [file normalize $origin_dir/src/rtl/hweval_adder.v              ] \
#                [file normalize $origin_dir/src/rtl/hweval_montgomery.v         ] \
#             ]
# add_files -norecurse -fileset [get_filesets sources_1] $files
# set_property top hweval_adder [get_filesets sources_1]
# set files [list \
#                [file normalize $origin_dir/src/rtl/tb_adder.v                  ] \
#                [file normalize $origin_dir/src/rtl/tb_montgomery.v             ] \
#              ]
# add_files -norecurse -fileset [get_filesets sim_1] $files
# set_property top tb_adder [get_filesets sim_1]
# set files [list \
#                [file normalize $origin_dir/src/rtl/hweval_adder.v                                                   ] \
#                [file normalize $origin_dir/src/rtl/hweval_montgomery.v                                              ] \
#             ]
# set_property used_in_simulation false [get_files $files]
# add_files -fileset constrs_1 -norecurse $origin_dir/src/constraints/constraints.tcl
# update_compile_order -fileset sim_1
# update_compile_order -fileset sources_1
# set_msg_config -id {Synth 8-327}     -new_severity {ERROR}
# set_msg_config -id {Synth 8-3352}    -new_severity {ERROR}
# set_msg_config -id {Synth 8-5559}    -new_severity {ERROR}
# set_msg_config -id {Timing 38-282}   -new_severity {ERROR}
# set_msg_config -id {BD 41-1343}      -new_severity {INFO}
# set_msg_config -id {BD_TCL-1000}     -new_severity {INFO}
# set_msg_config -id {IP_Flow 19-3899} -new_severity {INFO}
# set_msg_config -id {IP_Flow 19-3153} -new_severity {INFO}
# set_msg_config -id {IP_Flow 19-2207} -new_severity {INFO}
# set_msg_config -id {Vivado 12-3482}  -new_severity {INFO}
INFO: [Common 17-206] Exiting Vivado at Wed Nov  8 17:16:49 2017...
